语法

    0 $accept: lines $end

    1 lines: lines expr ';'
    2      | lines ';'
    3      | ε

    4 expr: expr ADD expr
    5     | expr SUB expr
    6     | expr MUL expr
    7     | expr DIV expr
    8     | LEFT expr RIGHT
    9     | SUB expr
   10     | NUMBER


终结语词，附有它们出现处的规则

    $end (0) 0
    ';' (59) 1 2
    error (256)
    ADD (258) 4
    SUB (259) 5 9
    MUL (260) 6
    DIV (261) 7
    UMINUS (262)
    LEFT (263) 8
    RIGHT (264) 8
    NUMBER (265) 10


非终结语词，附有它们出现处的规则

    $accept (12)
        on left: 0
    lines (13)
        on left: 1 2 3
        on right: 0 1 2
    expr (14)
        on left: 4 5 6 7 8 9 10
        on right: 1 4 5 6 7 8 9


状态 0

    0 $accept: • lines $end

    $default  使用规则 3 以归约 (lines)

    lines  转到状态 1


状态 1

    0 $accept: lines • $end
    1 lines: lines • expr ';'
    2      | lines • ';'

    $end    偏移，并进入状态 2
    SUB     偏移，并进入状态 3
    LEFT    偏移，并进入状态 4
    NUMBER  偏移，并进入状态 5
    ';'     偏移，并进入状态 6

    expr  转到状态 7


状态 2

    0 $accept: lines $end •

    $default  接受


状态 3

    9 expr: SUB • expr

    SUB     偏移，并进入状态 3
    LEFT    偏移，并进入状态 4
    NUMBER  偏移，并进入状态 5

    expr  转到状态 8


状态 4

    8 expr: LEFT • expr RIGHT

    SUB     偏移，并进入状态 3
    LEFT    偏移，并进入状态 4
    NUMBER  偏移，并进入状态 5

    expr  转到状态 9


状态 5

   10 expr: NUMBER •

    $default  使用规则 10 以归约 (expr)


状态 6

    2 lines: lines ';' •

    $default  使用规则 2 以归约 (lines)


状态 7

    1 lines: lines expr • ';'
    4 expr: expr • ADD expr
    5     | expr • SUB expr
    6     | expr • MUL expr
    7     | expr • DIV expr

    ADD  偏移，并进入状态 10
    SUB  偏移，并进入状态 11
    MUL  偏移，并进入状态 12
    DIV  偏移，并进入状态 13
    ';'  偏移，并进入状态 14


状态 8

    4 expr: expr • ADD expr
    5     | expr • SUB expr
    6     | expr • MUL expr
    7     | expr • DIV expr
    9     | SUB expr •

    $default  使用规则 9 以归约 (expr)


状态 9

    4 expr: expr • ADD expr
    5     | expr • SUB expr
    6     | expr • MUL expr
    7     | expr • DIV expr
    8     | LEFT expr • RIGHT

    ADD    偏移，并进入状态 10
    SUB    偏移，并进入状态 11
    MUL    偏移，并进入状态 12
    DIV    偏移，并进入状态 13
    RIGHT  偏移，并进入状态 15


状态 10

    4 expr: expr ADD • expr

    SUB     偏移，并进入状态 3
    LEFT    偏移，并进入状态 4
    NUMBER  偏移，并进入状态 5

    expr  转到状态 16


状态 11

    5 expr: expr SUB • expr

    SUB     偏移，并进入状态 3
    LEFT    偏移，并进入状态 4
    NUMBER  偏移，并进入状态 5

    expr  转到状态 17


状态 12

    6 expr: expr MUL • expr

    SUB     偏移，并进入状态 3
    LEFT    偏移，并进入状态 4
    NUMBER  偏移，并进入状态 5

    expr  转到状态 18


状态 13

    7 expr: expr DIV • expr

    SUB     偏移，并进入状态 3
    LEFT    偏移，并进入状态 4
    NUMBER  偏移，并进入状态 5

    expr  转到状态 19


状态 14

    1 lines: lines expr ';' •

    $default  使用规则 1 以归约 (lines)


状态 15

    8 expr: LEFT expr RIGHT •

    $default  使用规则 8 以归约 (expr)


状态 16

    4 expr: expr • ADD expr
    4     | expr ADD expr •
    5     | expr • SUB expr
    6     | expr • MUL expr
    7     | expr • DIV expr

    MUL  偏移，并进入状态 12
    DIV  偏移，并进入状态 13

    $default  使用规则 4 以归约 (expr)


状态 17

    4 expr: expr • ADD expr
    5     | expr • SUB expr
    5     | expr SUB expr •
    6     | expr • MUL expr
    7     | expr • DIV expr

    MUL  偏移，并进入状态 12
    DIV  偏移，并进入状态 13

    $default  使用规则 5 以归约 (expr)


状态 18

    4 expr: expr • ADD expr
    5     | expr • SUB expr
    6     | expr • MUL expr
    6     | expr MUL expr •
    7     | expr • DIV expr

    $default  使用规则 6 以归约 (expr)


状态 19

    4 expr: expr • ADD expr
    5     | expr • SUB expr
    6     | expr • MUL expr
    7     | expr • DIV expr
    7     | expr DIV expr •

    $default  使用规则 7 以归约 (expr)
